<?xml version="1.0" encoding="UTF-8" ?>
<testsuite tests="67" failures="0" name="br.edu.sr.ifes.bdd.teste.BDDTest" time="0.22" errors="0" skipped="16">
  <properties>
    <property name="java.runtime.name" value="Java(TM) SE Runtime Environment"/>
    <property name="sun.boot.library.path" value="/Library/Java/JavaVirtualMachines/jdk1.8.0_102.jdk/Contents/Home/jre/lib"/>
    <property name="java.vm.version" value="25.102-b14"/>
    <property name="gopherProxySet" value="false"/>
    <property name="java.vm.vendor" value="Oracle Corporation"/>
    <property name="maven.multiModuleProjectDirectory" value="/Users/paulosantosjunior/Documents/projects/BDD"/>
    <property name="java.vendor.url" value="http://java.oracle.com/"/>
    <property name="path.separator" value=":"/>
    <property name="guice.disable.misplaced.annotation.check" value="true"/>
    <property name="java.vm.name" value="Java HotSpot(TM) 64-Bit Server VM"/>
    <property name="file.encoding.pkg" value="sun.io"/>
    <property name="user.country" value="BR"/>
    <property name="sun.java.launcher" value="SUN_STANDARD"/>
    <property name="sun.os.patch.level" value="unknown"/>
    <property name="java.vm.specification.name" value="Java Virtual Machine Specification"/>
    <property name="user.dir" value="/Users/paulosantosjunior/Documents/projects/BDD"/>
    <property name="java.runtime.version" value="1.8.0_102-b14"/>
    <property name="java.awt.graphicsenv" value="sun.awt.CGraphicsEnvironment"/>
    <property name="java.endorsed.dirs" value="/Library/Java/JavaVirtualMachines/jdk1.8.0_102.jdk/Contents/Home/jre/lib/endorsed"/>
    <property name="os.arch" value="x86_64"/>
    <property name="java.io.tmpdir" value="/var/folders/qq/yc94qky933s1kq_sbrxw2xbh0000gn/T/"/>
    <property name="line.separator" value="
"/>
    <property name="java.vm.specification.vendor" value="Oracle Corporation"/>
    <property name="os.name" value="Mac OS X"/>
    <property name="classworlds.conf" value="/Users/paulosantosjunior/Documents/workspace/.metadata/.plugins/org.eclipse.m2e.launching/launches/m2conf5227084280113076130.tmp"/>
    <property name="sun.jnu.encoding" value="UTF-8"/>
    <property name="java.library.path" value="/Users/paulosantosjunior/Library/Java/Extensions:/Library/Java/Extensions:/Network/Library/Java/Extensions:/System/Library/Java/Extensions:/usr/lib/java:."/>
    <property name="java.specification.name" value="Java Platform API Specification"/>
    <property name="java.class.version" value="52.0"/>
    <property name="sun.management.compiler" value="HotSpot 64-Bit Tiered Compilers"/>
    <property name="os.version" value="10.11.4"/>
    <property name="http.nonProxyHosts" value="local|*.local|169.254/16|*.169.254/16"/>
    <property name="user.home" value="/Users/paulosantosjunior"/>
    <property name="user.timezone" value="America/Sao_Paulo"/>
    <property name="java.awt.printerjob" value="sun.lwawt.macosx.CPrinterJob"/>
    <property name="java.specification.version" value="1.8"/>
    <property name="file.encoding" value="UTF-8"/>
    <property name="user.name" value="paulosantosjunior"/>
    <property name="java.class.path" value="/Users/paulosantosjunior/Downloads/Eclipse.app/Contents/Eclipse/plugins/org.eclipse.m2e.maven.runtime_1.7.0.20160603-1931/jars/plexus-classworlds-2.5.2.jar"/>
    <property name="java.vm.specification.version" value="1.8"/>
    <property name="sun.arch.data.model" value="64"/>
    <property name="java.home" value="/Library/Java/JavaVirtualMachines/jdk1.8.0_102.jdk/Contents/Home/jre"/>
    <property name="sun.java.command" value="org.codehaus.plexus.classworlds.launcher.Launcher -B test"/>
    <property name="java.specification.vendor" value="Oracle Corporation"/>
    <property name="user.language" value="pt"/>
    <property name="awt.toolkit" value="sun.lwawt.macosx.LWCToolkit"/>
    <property name="java.vm.info" value="mixed mode"/>
    <property name="java.version" value="1.8.0_102"/>
    <property name="java.ext.dirs" value="/Users/paulosantosjunior/Library/Java/Extensions:/Library/Java/JavaVirtualMachines/jdk1.8.0_102.jdk/Contents/Home/jre/lib/ext:/Library/Java/Extensions:/Network/Library/Java/Extensions:/System/Library/Java/Extensions:/usr/lib/java"/>
    <property name="sun.boot.class.path" value="/Library/Java/JavaVirtualMachines/jdk1.8.0_102.jdk/Contents/Home/jre/lib/resources.jar:/Library/Java/JavaVirtualMachines/jdk1.8.0_102.jdk/Contents/Home/jre/lib/rt.jar:/Library/Java/JavaVirtualMachines/jdk1.8.0_102.jdk/Contents/Home/jre/lib/sunrsasign.jar:/Library/Java/JavaVirtualMachines/jdk1.8.0_102.jdk/Contents/Home/jre/lib/jsse.jar:/Library/Java/JavaVirtualMachines/jdk1.8.0_102.jdk/Contents/Home/jre/lib/jce.jar:/Library/Java/JavaVirtualMachines/jdk1.8.0_102.jdk/Contents/Home/jre/lib/charsets.jar:/Library/Java/JavaVirtualMachines/jdk1.8.0_102.jdk/Contents/Home/jre/lib/jfr.jar:/Library/Java/JavaVirtualMachines/jdk1.8.0_102.jdk/Contents/Home/jre/classes"/>
    <property name="java.vendor" value="Oracle Corporation"/>
    <property name="maven.home" value="/Users/paulosantosjunior/Documents/projects/BDD/EMBEDDED"/>
    <property name="file.separator" value="/"/>
    <property name="java.vendor.url.bug" value="http://bugreport.sun.com/bugreport/"/>
    <property name="sun.cpu.endian" value="little"/>
    <property name="sun.io.unicode.encoding" value="UnicodeBig"/>
    <property name="socksNonProxyHosts" value="local|*.local|169.254/16|*.169.254/16"/>
    <property name="ftp.nonProxyHosts" value="local|*.local|169.254/16|*.169.254/16"/>
    <property name="sun.cpu.isalist" value=""/>
  </properties>
  <testcase classname="Scenario: a few cukes" name="Given I have 42 cukes in my belly" time="0.076"/>
  <testcase classname="Scenario: a few cukes" name="When I wait 1 hour" time="0"/>
  <testcase classname="Scenario: a few cukes" name="Then my belly should growl" time="0"/>
  <testcase classname="Scenario: a few cukes" name="Scenario: a few cukes" time="0.001"/>
  <testcase classname="Scenario: informando o n\u00FAmero I" name="Given Eu tenho o n\u00FAmero \&quot;I\&quot;" time="0"/>
  <testcase classname="Scenario: informando o n\u00FAmero I" name="When Eu quero converter para um n\u00FAmero natural" time="0"/>
  <testcase classname="Scenario: informando o n\u00FAmero I" name="Then Eu tenho o n\u00FAmero 1 como resultado" time="0.001">
    <skipped/>
  </testcase>
  <testcase classname="Scenario: informando o n\u00FAmero I" name="Scenario: informando o n\u00FAmero I" time="0.002">
    <skipped/>
  </testcase>
  <testcase classname="Scenario: informando o n\u00FAmero I" name="Scenario: informando o n\u00FAmero I" time="0.002"/>
  <testcase classname="Scenario: informando o n\u00FAmero II" name="Given Eu tenho o n\u00FAmero \&quot;II\&quot;" time="0.001"/>
  <testcase classname="Scenario: informando o n\u00FAmero II" name="When Eu quero converter para um n\u00FAmero natural" time="0.007"/>
  <testcase classname="Scenario: informando o n\u00FAmero II" name="Then Eu tenho o n\u00FAmero 2 como resultado" time="0.008">
    <skipped/>
  </testcase>
  <testcase classname="Scenario: informando o n\u00FAmero II" name="Scenario: informando o n\u00FAmero II" time="0.009">
    <skipped/>
  </testcase>
  <testcase classname="Scenario: informando o n\u00FAmero II" name="Scenario: informando o n\u00FAmero II" time="0.009"/>
  <testcase classname="Scenario: informando o n\u00FAmero IX" name="Given Eu tenho o n\u00FAmero \&quot;IX\&quot;" time="0"/>
  <testcase classname="Scenario: informando o n\u00FAmero IX" name="When Eu quero converter para um n\u00FAmero natural" time="0"/>
  <testcase classname="Scenario: informando o n\u00FAmero IX" name="Then Eu tenho o n\u00FAmero 9 como resultado" time="0">
    <skipped/>
  </testcase>
  <testcase classname="Scenario: informando o n\u00FAmero IX" name="Scenario: informando o n\u00FAmero IX" time="0.001">
    <skipped/>
  </testcase>
  <testcase classname="Scenario: informando o n\u00FAmero IX" name="Scenario: informando o n\u00FAmero IX" time="0.002"/>
  <testcase classname="Scenario: informando o n\u00FAmero XXI" name="Given Eu tenho o n\u00FAmero \&quot;XXI\&quot;" time="0"/>
  <testcase classname="Scenario: informando o n\u00FAmero XXI" name="When Eu quero converter para um n\u00FAmero natural" time="0.001"/>
  <testcase classname="Scenario: informando o n\u00FAmero XXI" name="Then Eu tenho o n\u00FAmero 21 como resultado" time="0.001">
    <skipped/>
  </testcase>
  <testcase classname="Scenario: informando o n\u00FAmero XXI" name="Scenario: informando o n\u00FAmero XXI" time="0.003">
    <skipped/>
  </testcase>
  <testcase classname="Scenario: informando o n\u00FAmero XXI" name="Scenario: informando o n\u00FAmero XXI" time="0.004"/>
  <testcase classname="| I | 1 |" name="Given Eu tenho o n\u00FAmero \&quot;I\&quot;" time="0.007"/>
  <testcase classname="| I | 1 |" name="When Eu quero converter para um n\u00FAmero natural" time="0"/>
  <testcase classname="| I | 1 |" name="Then Eu tenho o n\u00FAmero 1 como resultado" time="0">
    <skipped/>
  </testcase>
  <testcase classname="| I | 1 |" name="| I | 1 |" time="0">
    <skipped/>
  </testcase>
  <testcase classname="| I | 1 |" name="| I | 1 |" time="0"/>
  <testcase classname="| II | 2 |" name="Given Eu tenho o n\u00FAmero \&quot;II\&quot;" time="0.001"/>
  <testcase classname="| II | 2 |" name="When Eu quero converter para um n\u00FAmero natural" time="0"/>
  <testcase classname="| II | 2 |" name="Then Eu tenho o n\u00FAmero 2 como resultado" time="0.001">
    <skipped/>
  </testcase>
  <testcase classname="| II | 2 |" name="| II | 2 |" time="0.005">
    <skipped/>
  </testcase>
  <testcase classname="| II | 2 |" name="| II | 2 |" time="0.006"/>
  <testcase classname="| IX | 9 |" name="Given Eu tenho o n\u00FAmero \&quot;IX\&quot;" time="0"/>
  <testcase classname="| IX | 9 |" name="When Eu quero converter para um n\u00FAmero natural" time="0"/>
  <testcase classname="| IX | 9 |" name="Then Eu tenho o n\u00FAmero 9 como resultado" time="0">
    <skipped/>
  </testcase>
  <testcase classname="| IX | 9 |" name="| IX | 9 |" time="0.004">
    <skipped/>
  </testcase>
  <testcase classname="| IX | 9 |" name="| IX | 9 |" time="0.005"/>
  <testcase classname="| XXI | 21 |" name="Given Eu tenho o n\u00FAmero \&quot;XXI\&quot;" time="0.001"/>
  <testcase classname="| XXI | 21 |" name="When Eu quero converter para um n\u00FAmero natural" time="0.013"/>
  <testcase classname="| XXI | 21 |" name="Then Eu tenho o n\u00FAmero 21 como resultado" time="0.014">
    <skipped/>
  </testcase>
  <testcase classname="| XXI | 21 |" name="| XXI | 21 |" time="0.014">
    <skipped/>
  </testcase>
  <testcase classname="| XXI | 21 |" name="| XXI | 21 |" time="0.016"/>
  <testcase classname="Scenario: " name="Given a board like this:" time="0"/>
  <testcase classname="Scenario: " name="When player x plays in row 2\u002C column 1" time="0"/>
  <testcase classname="Scenario: " name="Then the board should look like this:" time="0.001"/>
  <testcase classname="Scenario: " name="Scenario: " time="0.001"/>
  <testcase classname="| 500 | 50 | 50 | 450 |" name="Given I have 500 in my account" time="0"/>
  <testcase classname="| 500 | 50 | 50 | 450 |" name="When I choose to withdraw the fixed amount of 50" time="0"/>
  <testcase classname="| 500 | 50 | 50 | 450 |" name="Then I should receive 50 cash" time="0"/>
  <testcase classname="| 500 | 50 | 50 | 450 |" name="And the balance of my account should be 450" time="0"/>
  <testcase classname="| 500 | 50 | 50 | 450 |" name="| 500 | 50 | 50 | 450 |" time="0"/>
  <testcase classname="| 500 | 100 | 100 | 400 |" name="Given I have 500 in my account" time="0.001"/>
  <testcase classname="| 500 | 100 | 100 | 400 |" name="When I choose to withdraw the fixed amount of 100" time="0"/>
  <testcase classname="| 500 | 100 | 100 | 400 |" name="Then I should receive 100 cash" time="0"/>
  <testcase classname="| 500 | 100 | 100 | 400 |" name="And the balance of my account should be 400" time="0"/>
  <testcase classname="| 500 | 100 | 100 | 400 |" name="| 500 | 100 | 100 | 400 |" time="0.001"/>
  <testcase classname="| 500 | 200 | 200 | 300 |" name="Given I have 500 in my account" time="0"/>
  <testcase classname="| 500 | 200 | 200 | 300 |" name="When I choose to withdraw the fixed amount of 200" time="0"/>
  <testcase classname="| 500 | 200 | 200 | 300 |" name="Then I should receive 200 cash" time="0"/>
  <testcase classname="| 500 | 200 | 200 | 300 |" name="And the balance of my account should be 300" time="0"/>
  <testcase classname="| 500 | 200 | 200 | 300 |" name="| 500 | 200 | 200 | 300 |" time="0"/>
  <testcase classname="Cen\u00E1rio: Um pouco de pepinos" name="Dado Eu tenho 42 pepinos na minha barriga" time="0"/>
  <testcase classname="Cen\u00E1rio: Um pouco de pepinos" name="Quando Eu espero 1 hora" time="0.001"/>
  <testcase classname="Cen\u00E1rio: Um pouco de pepinos" name="Ent\u00E3o Minha barriga deve rosnar" time="0"/>
  <testcase classname="Cen\u00E1rio: Um pouco de pepinos" name="Cen\u00E1rio: Um pouco de pepinos" time="0"/>
</testsuite>